\BOOKMARK [1][]{section.1}{1 Project Summary}{}% 1
\BOOKMARK [1][]{section.1}{1 Project Overview}{}% 2
\BOOKMARK [2][]{subsection.1.1}{1.1 RPHash: A Secure, Scalable Clustering Algorithm}{section.1}% 3
\BOOKMARK [2][]{subsection.1.2}{1.2 Proposal Objectives}{section.1}% 4
\BOOKMARK [2][]{subsection.1.3}{1.3 Impact}{section.1}% 5
\BOOKMARK [1][]{section.2}{2 Background}{}% 6
\BOOKMARK [2][]{subsection.2.1}{2.1 Big Data Clustering}{section.2}% 7
\BOOKMARK [2][]{subsection.2.2}{2.2 Random Projection Methods}{section.2}% 8
\BOOKMARK [2][]{subsection.2.3}{2.3 Discrete Subspace Quantizers}{section.2}% 9
\BOOKMARK [2][]{subsection.2.4}{2.4 Leech Lattice Decoder}{section.2}% 10
\BOOKMARK [2][]{subsection.2.5}{2.5 Issues with random projection and high dimensions}{section.2}% 11
\BOOKMARK [2][]{subsection.2.6}{2.6 Mapreduce, Hadoop, and Cloud}{section.2}% 12
\BOOKMARK [1][]{section.3}{3 Proposed Research}{}% 13
\BOOKMARK [2][]{subsection.3.1}{3.1 Objective 1: Develop the Sequential RPHash Algorithm}{section.3}% 14
\BOOKMARK [3][]{subsubsection.3.1.1}{3.1.1 sequential algorithm}{subsection.3.1}% 15
\BOOKMARK [2][]{subsection.3.2}{3.2 Objective 2: Develop A distributed version of the proposed RPHash Algorithm}{section.3}% 16
\BOOKMARK [3][]{subsubsection.3.2.1}{3.2.1 Problems with finding good random subspaces}{subsection.3.2}% 17
\BOOKMARK [2][]{subsection.3.3}{3.3 Objective 3: Deploy RPHash to EC2 Cloud's Hadoop Implementation}{section.3}% 18
\BOOKMARK [2][]{subsection.3.4}{3.4 Objective 4: Data Security}{section.3}% 19
\BOOKMARK [1][]{section.4}{4 Experimental Approach}{}% 20
\BOOKMARK [2][]{subsection.4.1}{4.1 Algorithm Accuracy}{section.4}% 21
\BOOKMARK [2][]{subsection.4.2}{4.2 Differing Data Set Accuracy}{section.4}% 22
\BOOKMARK [2][]{subsection.4.3}{4.3 Scalability}{section.4}% 23
\BOOKMARK [2][]{subsection.4.4}{4.4 Parallel Speedup}{section.4}% 24
\BOOKMARK [2][]{subsection.4.5}{4.5 Security Tests}{section.4}% 25
\BOOKMARK [1][]{section.5}{5 Related Work}{}% 26
\BOOKMARK [2][]{subsection.5.1}{5.1 Density Scan Database Clustering Methods}{section.5}% 27
\BOOKMARK [2][]{subsection.5.2}{5.2 Random Projection Techniques}{section.5}% 28
\BOOKMARK [1][]{section.6}{6 Proposed Research Schedule}{}% 29
