This is pdfTeX, Version 3.1415926-2.5-1.40.14 (TeX Live 2013/Debian) (format=pdflatex 2014.2.3)  3 MAR 2014 16:13
entering extended mode
 restricted \write18 enabled.
 %&-line parsing enabled.
**gradPresentation
(./gradPresentation
LaTeX2e <2011/06/27>
Babel <3.9f> and hyphenation patterns for 2 languages loaded.
(/usr/share/texmf/tex/latex/beamer/base/beamer.cls
(/usr/share/texmf/tex/latex/beamer/base/beamerbasercs.sty
Package: beamerbasercs 2012/11/13 (rcs-revision cb16a617839f)
)
Document Class: beamer 2012/10/15 development version 3.24 A class for typesett
ing presentations (rcs-revision 24853e6b98cf)
(/usr/share/texmf/tex/latex/beamer/base/beamerbasemodes.sty
Package: beamerbasemodes 2012/04/15 (rcs-revision cc6557182d97)
\beamer@tempbox=\box26
\beamer@tempcount=\count79
\c@beamerpauses=\count80

(/usr/share/texmf/tex/latex/beamer/base/beamerbasedecode.sty
Package: beamerbasedecode 2010/05/01 (rcs-revision efa082c6111d)
\beamer@slideinframe=\count81
\beamer@minimum=\count82
)
\beamer@commentbox=\box27
\beamer@modecount=\count83
)
(/usr/share/texlive/texmf-dist/tex/generic/oberdiek/ifpdf.sty
Package: ifpdf 2011/01/30 v2.3 Provides the ifpdf switch (HO)
Package ifpdf Info: pdfTeX in PDF mode is detected.
)
\headheight=\dimen102
\headdp=\dimen103
\footheight=\dimen104
\sidebarheight=\dimen105
\beamer@tempdim=\dimen106
\beamer@finalheight=\dimen107
\beamer@animht=\dimen108
\beamer@animdp=\dimen109
\beamer@animwd=\dimen110
\beamer@leftmargin=\dimen111
\beamer@rightmargin=\dimen112
\beamer@leftsidebar=\dimen113
\beamer@rightsidebar=\dimen114
\beamer@boxsize=\dimen115
\beamer@vboxoffset=\dimen116
\beamer@descdefault=\dimen117
\beamer@descriptionwidth=\dimen118
\beamer@lastskip=\skip41
\beamer@areabox=\box28
\beamer@animcurrent=\box29
\beamer@animshowbox=\box30
\beamer@sectionbox=\box31
\beamer@logobox=\box32
\beamer@linebox=\box33
\beamer@sectioncount=\count84
\beamer@subsubsectionmax=\count85
\beamer@subsectionmax=\count86
\beamer@sectionmax=\count87
\beamer@totalheads=\count88
\beamer@headcounter=\count89
\beamer@partstartpage=\count90
\beamer@sectionstartpage=\count91
\beamer@subsectionstartpage=\count92
\beamer@animationtempa=\count93
\beamer@animationtempb=\count94
\beamer@xpos=\count95
\beamer@ypos=\count96
\beamer@showpartnumber=\count97
\beamer@currentsubsection=\count98
\beamer@coveringdepth=\count99
\beamer@sectionadjust=\count100
\beamer@tocsectionnumber=\count101

(/usr/share/texmf/tex/latex/beamer/base/beamerbaseoptions.sty
Package: beamerbaseoptions 2010/04/27 (rcs-revision 982469101dd6)

(/usr/share/texlive/texmf-dist/tex/latex/graphics/keyval.sty
Package: keyval 1999/03/16 v1.13 key=value parser (DPC)
\KV@toks@=\toks14
))
\beamer@paperwidth=\skip42
\beamer@paperheight=\skip43

(/usr/share/texlive/texmf-dist/tex/latex/geometry/geometry.sty
Package: geometry 2010/09/12 v5.6 Page Geometry

(/usr/share/texlive/texmf-dist/tex/generic/oberdiek/ifvtex.sty
Package: ifvtex 2010/03/01 v1.5 Detect VTeX and its facilities (HO)
Package ifvtex Info: VTeX not detected.
)
(/usr/share/texlive/texmf-dist/tex/generic/ifxetex/ifxetex.sty
Package: ifxetex 2010/09/12 v0.6 Provides ifxetex conditional
)
\Gm@cnth=\count102
\Gm@cntv=\count103
\c@Gm@tempcnt=\count104
\Gm@bindingoffset=\dimen119
\Gm@wd@mp=\dimen120
\Gm@odd@mp=\dimen121
\Gm@even@mp=\dimen122
\Gm@layoutwidth=\dimen123
\Gm@layoutheight=\dimen124
\Gm@layouthoffset=\dimen125
\Gm@layoutvoffset=\dimen126
\Gm@dimlist=\toks15
)
(/usr/share/texlive/texmf-dist/tex/latex/base/size11.clo
File: size11.clo 2007/10/19 v1.4h Standard LaTeX file (size option)
)
(/usr/share/texmf/tex/latex/pgf/basiclayer/pgfcore.sty
(/usr/share/texlive/texmf-dist/tex/latex/graphics/graphicx.sty
Package: graphicx 1999/02/16 v1.0f Enhanced LaTeX Graphics (DPC,SPQR)

(/usr/share/texlive/texmf-dist/tex/latex/graphics/graphics.sty
Package: graphics 2009/02/05 v1.0o Standard LaTeX Graphics (DPC,SPQR)

(/usr/share/texlive/texmf-dist/tex/latex/graphics/trig.sty
Package: trig 1999/03/16 v1.09 sin cos tan (DPC)
)
(/usr/share/texlive/texmf-dist/tex/latex/latexconfig/graphics.cfg
File: graphics.cfg 2010/04/23 v1.9 graphics configuration of TeX Live
)
Package graphics Info: Driver file: pdftex.def on input line 91.

(/usr/share/texlive/texmf-dist/tex/latex/pdftex-def/pdftex.def
File: pdftex.def 2011/05/27 v0.06d Graphics/color for pdfTeX

(/usr/share/texlive/texmf-dist/tex/generic/oberdiek/infwarerr.sty
Package: infwarerr 2010/04/08 v1.3 Providing info/warning/error messages (HO)
)
(/usr/share/texlive/texmf-dist/tex/generic/oberdiek/ltxcmds.sty
Package: ltxcmds 2011/11/09 v1.22 LaTeX kernel commands for general use (HO)
)
\Gread@gobject=\count105
))
\Gin@req@height=\dimen127
\Gin@req@width=\dimen128
)
(/usr/share/texmf/tex/latex/pgf/systemlayer/pgfsys.sty
(/usr/share/texmf/tex/latex/pgf/utilities/pgfrcs.sty
(/usr/share/texmf/tex/generic/pgf/utilities/pgfutil-common.tex
\pgfutil@everybye=\toks16
)
(/usr/share/texmf/tex/generic/pgf/utilities/pgfutil-latex.def
\pgfutil@abb=\box34

(/usr/share/texlive/texmf-dist/tex/latex/ms/everyshi.sty
Package: everyshi 2001/05/15 v3.00 EveryShipout Package (MS)
))
(/usr/share/texmf/tex/generic/pgf/utilities/pgfrcs.code.tex
Package: pgfrcs 2010/10/25 v2.10 (rcs-revision 1.24)
))
(/usr/share/texmf/tex/generic/pgf/systemlayer/pgfsys.code.tex
Package: pgfsys 2010/06/30 v2.10 (rcs-revision 1.37)

(/usr/share/texmf/tex/generic/pgf/utilities/pgfkeys.code.tex
\pgfkeys@pathtoks=\toks17
\pgfkeys@temptoks=\toks18

(/usr/share/texmf/tex/generic/pgf/utilities/pgfkeysfiltered.code.tex
\pgfkeys@tmptoks=\toks19
))
\pgf@x=\dimen129
\pgf@y=\dimen130
\pgf@xa=\dimen131
\pgf@ya=\dimen132
\pgf@xb=\dimen133
\pgf@yb=\dimen134
\pgf@xc=\dimen135
\pgf@yc=\dimen136
\w@pgf@writea=\write3
\r@pgf@reada=\read1
\c@pgf@counta=\count106
\c@pgf@countb=\count107
\c@pgf@countc=\count108
\c@pgf@countd=\count109

(/usr/share/texmf/tex/generic/pgf/systemlayer/pgf.cfg
File: pgf.cfg 2008/05/14  (rcs-revision 1.7)
)
Package pgfsys Info: Driver file for pgf: pgfsys-pdftex.def on input line 900.

(/usr/share/texmf/tex/generic/pgf/systemlayer/pgfsys-pdftex.def
File: pgfsys-pdftex.def 2009/05/22  (rcs-revision 1.26)

(/usr/share/texmf/tex/generic/pgf/systemlayer/pgfsys-common-pdf.def
File: pgfsys-common-pdf.def 2008/05/19  (rcs-revision 1.10)
)))
(/usr/share/texmf/tex/generic/pgf/systemlayer/pgfsyssoftpath.code.tex
File: pgfsyssoftpath.code.tex 2008/07/18  (rcs-revision 1.7)
\pgfsyssoftpath@smallbuffer@items=\count110
\pgfsyssoftpath@bigbuffer@items=\count111
)
(/usr/share/texmf/tex/generic/pgf/systemlayer/pgfsysprotocol.code.tex
File: pgfsysprotocol.code.tex 2006/10/16  (rcs-revision 1.4)
))
(/usr/share/texmf/tex/latex/xcolor/xcolor.sty
Package: xcolor 2007/01/21 v2.11 LaTeX color extensions (UK)

(/usr/share/texlive/texmf-dist/tex/latex/latexconfig/color.cfg
File: color.cfg 2007/01/18 v1.5 color configuration of teTeX/TeXLive
)
Package xcolor Info: Driver file: pdftex.def on input line 225.
Package xcolor Info: Model `cmy' substituted by `cmy0' on input line 1337.
Package xcolor Info: Model `hsb' substituted by `rgb' on input line 1341.
Package xcolor Info: Model `RGB' extended on input line 1353.
Package xcolor Info: Model `HTML' substituted by `rgb' on input line 1355.
Package xcolor Info: Model `Hsb' substituted by `hsb' on input line 1356.
Package xcolor Info: Model `tHsb' substituted by `hsb' on input line 1357.
Package xcolor Info: Model `HSB' substituted by `hsb' on input line 1358.
Package xcolor Info: Model `Gray' substituted by `gray' on input line 1359.
Package xcolor Info: Model `wave' substituted by `hsb' on input line 1360.
)
(/usr/share/texmf/tex/generic/pgf/basiclayer/pgfcore.code.tex
Package: pgfcore 2010/04/11 v2.10 (rcs-revision 1.7)

(/usr/share/texmf/tex/generic/pgf/math/pgfmath.code.tex
(/usr/share/texmf/tex/generic/pgf/math/pgfmathcalc.code.tex
(/usr/share/texmf/tex/generic/pgf/math/pgfmathutil.code.tex)
(/usr/share/texmf/tex/generic/pgf/math/pgfmathparser.code.tex
\pgfmath@dimen=\dimen137
\pgfmath@count=\count112
\pgfmath@box=\box35
\pgfmath@toks=\toks20
\pgfmath@stack@operand=\toks21
\pgfmath@stack@operation=\toks22
)
(/usr/share/texmf/tex/generic/pgf/math/pgfmathfunctions.code.tex
(/usr/share/texmf/tex/generic/pgf/math/pgfmathfunctions.basic.code.tex)
(/usr/share/texmf/tex/generic/pgf/math/pgfmathfunctions.trigonometric.code.tex)
(/usr/share/texmf/tex/generic/pgf/math/pgfmathfunctions.random.code.tex)
(/usr/share/texmf/tex/generic/pgf/math/pgfmathfunctions.comparison.code.tex)
(/usr/share/texmf/tex/generic/pgf/math/pgfmathfunctions.base.code.tex)
(/usr/share/texmf/tex/generic/pgf/math/pgfmathfunctions.round.code.tex)
(/usr/share/texmf/tex/generic/pgf/math/pgfmathfunctions.misc.code.tex)))
(/usr/share/texmf/tex/generic/pgf/math/pgfmathfloat.code.tex
\c@pgfmathroundto@lastzeros=\count113
))
(/usr/share/texmf/tex/generic/pgf/basiclayer/pgfcorepoints.code.tex
File: pgfcorepoints.code.tex 2010/04/09  (rcs-revision 1.20)
\pgf@picminx=\dimen138
\pgf@picmaxx=\dimen139
\pgf@picminy=\dimen140
\pgf@picmaxy=\dimen141
\pgf@pathminx=\dimen142
\pgf@pathmaxx=\dimen143
\pgf@pathminy=\dimen144
\pgf@pathmaxy=\dimen145
\pgf@xx=\dimen146
\pgf@xy=\dimen147
\pgf@yx=\dimen148
\pgf@yy=\dimen149
\pgf@zx=\dimen150
\pgf@zy=\dimen151
)
(/usr/share/texmf/tex/generic/pgf/basiclayer/pgfcorepathconstruct.code.tex
File: pgfcorepathconstruct.code.tex 2010/08/03  (rcs-revision 1.24)
\pgf@path@lastx=\dimen152
\pgf@path@lasty=\dimen153
)
(/usr/share/texmf/tex/generic/pgf/basiclayer/pgfcorepathusage.code.tex
File: pgfcorepathusage.code.tex 2008/04/22  (rcs-revision 1.12)
\pgf@shorten@end@additional=\dimen154
\pgf@shorten@start@additional=\dimen155
)
(/usr/share/texmf/tex/generic/pgf/basiclayer/pgfcorescopes.code.tex
File: pgfcorescopes.code.tex 2010/09/08  (rcs-revision 1.34)
\pgfpic=\box36
\pgf@hbox=\box37
\pgf@layerbox@main=\box38
\pgf@picture@serial@count=\count114
)
(/usr/share/texmf/tex/generic/pgf/basiclayer/pgfcoregraphicstate.code.tex
File: pgfcoregraphicstate.code.tex 2008/04/22  (rcs-revision 1.9)
\pgflinewidth=\dimen156
)
(/usr/share/texmf/tex/generic/pgf/basiclayer/pgfcoretransformations.code.tex
File: pgfcoretransformations.code.tex 2009/06/10  (rcs-revision 1.11)
\pgf@pt@x=\dimen157
\pgf@pt@y=\dimen158
\pgf@pt@temp=\dimen159
)
(/usr/share/texmf/tex/generic/pgf/basiclayer/pgfcorequick.code.tex
File: pgfcorequick.code.tex 2008/10/09  (rcs-revision 1.3)
)
(/usr/share/texmf/tex/generic/pgf/basiclayer/pgfcoreobjects.code.tex
File: pgfcoreobjects.code.tex 2006/10/11  (rcs-revision 1.2)
)
(/usr/share/texmf/tex/generic/pgf/basiclayer/pgfcorepathprocessing.code.tex
File: pgfcorepathprocessing.code.tex 2008/10/09  (rcs-revision 1.8)
)
(/usr/share/texmf/tex/generic/pgf/basiclayer/pgfcorearrows.code.tex
File: pgfcorearrows.code.tex 2008/04/23  (rcs-revision 1.11)
)
(/usr/share/texmf/tex/generic/pgf/basiclayer/pgfcoreshade.code.tex
File: pgfcoreshade.code.tex 2008/11/23  (rcs-revision 1.13)
\pgf@max=\dimen160
\pgf@sys@shading@range@num=\count115
)
(/usr/share/texmf/tex/generic/pgf/basiclayer/pgfcoreimage.code.tex
File: pgfcoreimage.code.tex 2010/03/25  (rcs-revision 1.16)

(/usr/share/texmf/tex/generic/pgf/basiclayer/pgfcoreexternal.code.tex
File: pgfcoreexternal.code.tex 2010/09/01  (rcs-revision 1.17)
\pgfexternal@startupbox=\box39
))
(/usr/share/texmf/tex/generic/pgf/basiclayer/pgfcorelayers.code.tex
File: pgfcorelayers.code.tex 2010/08/27  (rcs-revision 1.2)
)
(/usr/share/texmf/tex/generic/pgf/basiclayer/pgfcoretransparency.code.tex
File: pgfcoretransparency.code.tex 2008/01/17  (rcs-revision 1.2)
)
(/usr/share/texmf/tex/generic/pgf/basiclayer/pgfcorepatterns.code.tex
File: pgfcorepatterns.code.tex 2009/07/02  (rcs-revision 1.3)
)))
(/usr/share/texmf/tex/latex/pgf/utilities/xxcolor.sty
Package: xxcolor 2003/10/24 ver 0.1
\XC@nummixins=\count116
\XC@countmixins=\count117
)
(/usr/share/texlive/texmf-dist/tex/latex/hyperref/hyperref.sty
Package: hyperref 2012/11/06 v6.83m Hypertext links for LaTeX

(/usr/share/texlive/texmf-dist/tex/generic/oberdiek/hobsub-hyperref.sty
Package: hobsub-hyperref 2012/05/28 v1.13 Bundle oberdiek, subset hyperref (HO)


(/usr/share/texlive/texmf-dist/tex/generic/oberdiek/hobsub-generic.sty
Package: hobsub-generic 2012/05/28 v1.13 Bundle oberdiek, subset generic (HO)
Package: hobsub 2012/05/28 v1.13 Construct package bundles (HO)
Package hobsub Info: Skipping package `infwarerr' (already loaded).
Package hobsub Info: Skipping package `ltxcmds' (already loaded).
Package: ifluatex 2010/03/01 v1.3 Provides the ifluatex switch (HO)
Package ifluatex Info: LuaTeX not detected.
Package hobsub Info: Skipping package `ifvtex' (already loaded).
Package: intcalc 2007/09/27 v1.1 Expandable calculations with integers (HO)
Package hobsub Info: Skipping package `ifpdf' (already loaded).
Package: etexcmds 2011/02/16 v1.5 Avoid name clashes with e-TeX commands (HO)
Package etexcmds Info: Could not find \expanded.
(etexcmds)             That can mean that you are not using pdfTeX 1.50 or
(etexcmds)             that some package has redefined \expanded.
(etexcmds)             In the latter case, load this package earlier.
Package: kvsetkeys 2012/04/25 v1.16 Key value parser (HO)
Package: kvdefinekeys 2011/04/07 v1.3 Define keys (HO)
Package: pdftexcmds 2011/11/29 v0.20 Utility functions of pdfTeX for LuaTeX (HO
)
Package pdftexcmds Info: LuaTeX not detected.
Package pdftexcmds Info: \pdf@primitive is available.
Package pdftexcmds Info: \pdf@ifprimitive is available.
Package pdftexcmds Info: \pdfdraftmode found.
Package: pdfescape 2011/11/25 v1.13 Implements pdfTeX's escape features (HO)
Package: bigintcalc 2012/04/08 v1.3 Expandable calculations on big integers (HO
)
Package: bitset 2011/01/30 v1.1 Handle bit-vector datatype (HO)
Package: uniquecounter 2011/01/30 v1.2 Provide unlimited unique counter (HO)
)
Package hobsub Info: Skipping package `hobsub' (already loaded).
Package: letltxmacro 2010/09/02 v1.4 Let assignment for LaTeX macros (HO)
Package: hopatch 2012/05/28 v1.2 Wrapper for package hooks (HO)
Package: xcolor-patch 2011/01/30 xcolor patch
Package: atveryend 2011/06/30 v1.8 Hooks at the very end of document (HO)
Package atveryend Info: \enddocument detected (standard20110627).
Package: atbegshi 2011/10/05 v1.16 At begin shipout hook (HO)
Package: refcount 2011/10/16 v3.4 Data extraction from label references (HO)
Package: hycolor 2011/01/30 v1.7 Color options for hyperref/bookmark (HO)
)
(/usr/share/texlive/texmf-dist/tex/latex/oberdiek/auxhook.sty
Package: auxhook 2011/03/04 v1.3 Hooks for auxiliary files (HO)
)
(/usr/share/texlive/texmf-dist/tex/latex/oberdiek/kvoptions.sty
Package: kvoptions 2011/06/30 v3.11 Key value format for package options (HO)
)
\@linkdim=\dimen161
\Hy@linkcounter=\count118
\Hy@pagecounter=\count119

(/usr/share/texlive/texmf-dist/tex/latex/hyperref/pd1enc.def
File: pd1enc.def 2012/11/06 v6.83m Hyperref: PDFDocEncoding definition (HO)
)
\Hy@SavedSpaceFactor=\count120

(/usr/share/texlive/texmf-dist/tex/latex/latexconfig/hyperref.cfg
File: hyperref.cfg 2002/06/06 v1.2 hyperref configuration of TeXLive
)
Package hyperref Info: Option `bookmarks' set `true' on input line 4319.
Package hyperref Info: Option `bookmarksopen' set `true' on input line 4319.
Package hyperref Info: Option `implicit' set `false' on input line 4319.
Package hyperref Info: Hyper figures OFF on input line 4443.
Package hyperref Info: Link nesting OFF on input line 4448.
Package hyperref Info: Hyper index ON on input line 4451.
Package hyperref Info: Plain pages OFF on input line 4458.
Package hyperref Info: Backreferencing OFF on input line 4463.
Package hyperref Info: Implicit mode OFF; no redefinition of LaTeX internals.
Package hyperref Info: Bookmarks ON on input line 4688.
\c@Hy@tempcnt=\count121

(/usr/share/texlive/texmf-dist/tex/latex/url/url.sty
\Urlmuskip=\muskip10
Package: url 2006/04/12  ver 3.3  Verb mode for urls, etc.
)
LaTeX Info: Redefining \url on input line 5041.
\XeTeXLinkMargin=\dimen162
\Fld@menulength=\count122
\Field@Width=\dimen163
\Fld@charsize=\dimen164
Package hyperref Info: Hyper figures OFF on input line 6295.
Package hyperref Info: Link nesting OFF on input line 6300.
Package hyperref Info: Hyper index ON on input line 6303.
Package hyperref Info: backreferencing OFF on input line 6310.
Package hyperref Info: Link coloring OFF on input line 6315.
Package hyperref Info: Link coloring with OCG OFF on input line 6320.
Package hyperref Info: PDF/A mode OFF on input line 6325.
LaTeX Info: Redefining \ref on input line 6365.
LaTeX Info: Redefining \pageref on input line 6369.
\Hy@abspage=\count123


Package hyperref Message: Stopped early.

)

Package hyperref Message: Driver (autodetected): hpdftex.

(/usr/share/texlive/texmf-dist/tex/latex/hyperref/hpdftex.def
File: hpdftex.def 2012/11/06 v6.83m Hyperref driver for pdfTeX
\Fld@listcount=\count124
\c@bookmark@seq@number=\count125

(/usr/share/texlive/texmf-dist/tex/latex/oberdiek/rerunfilecheck.sty
Package: rerunfilecheck 2011/04/15 v1.7 Rerun checks for auxiliary files (HO)
Package uniquecounter Info: New unique counter `rerunfilecheck' on input line 2
82.
))
(/usr/share/texmf/tex/latex/beamer/base/beamerbaserequires.sty
Package: beamerbaserequires 2010/05/01  (rcs-revision efa082c6111d)

(/usr/share/texmf/tex/latex/beamer/base/beamerbasecompatibility.sty
Package: beamerbasecompatibility 2012/05/01  (rcs-revision 67c48b3b652d)
)
(/usr/share/texmf/tex/latex/beamer/base/beamerbasefont.sty
Package: beamerbasefont 2012/09/19  (rcs-revision 733629cd0c6c)

(/usr/share/texlive/texmf-dist/tex/latex/amsfonts/amssymb.sty
Package: amssymb 2013/01/14 v3.01 AMS font symbols

(/usr/share/texlive/texmf-dist/tex/latex/amsfonts/amsfonts.sty
Package: amsfonts 2013/01/14 v3.01 Basic AMSFonts support
\@emptytoks=\toks23
\symAMSa=\mathgroup4
\symAMSb=\mathgroup5
LaTeX Font Info:    Overwriting math alphabet `\mathfrak' in version `bold'
(Font)                  U/euf/m/n --> U/euf/b/n on input line 106.
)))
(/usr/share/texmf/tex/latex/beamer/base/beamerbasetranslator.sty
Package: beamerbasetranslator 2010/06/11  (rcs-revision 85fd1cc7fc42)

(/usr/share/texmf/tex/latex/beamer/base/translator/translator.sty
Package: translator 2010/06/12 ver 1.10

(/usr/share/texmf/tex/latex/beamer/base/translator/translator-language-mappings
.tex))) (/usr/share/texmf/tex/latex/beamer/base/beamerbasemisc.sty
Package: beamerbasemisc 2012/02/24  (rcs-revision 2ff5461be705)
)
(/usr/share/texmf/tex/latex/beamer/base/beamerbasetwoscreens.sty
Package: beamerbasetwoscreens 2010/05/01  (rcs-revision efa082c6111d)
)
(/usr/share/texmf/tex/latex/beamer/base/beamerbaseoverlay.sty
Package: beamerbaseoverlay 2012/11/11  (rcs-revision 6afbc49b1109)
\beamer@argscount=\count126
\beamer@lastskipcover=\skip44
\beamer@trivlistdepth=\count127
)
(/usr/share/texmf/tex/latex/beamer/base/beamerbasetitle.sty
Package: beamerbasetitle 2010/09/21  (rcs-revision f0446ed0b6ae)
)
(/usr/share/texmf/tex/latex/beamer/base/beamerbasesection.sty
Package: beamerbasesection 2012/11/11  (rcs-revision 0056eef6f17f)
\c@lecture=\count128
\c@part=\count129
\c@section=\count130
\c@subsection=\count131
\c@subsubsection=\count132
)
(/usr/share/texmf/tex/latex/beamer/base/beamerbaseframe.sty
Package: beamerbaseframe 2012/09/13  (rcs-revision dcd846607320)
\beamer@framebox=\box40
\beamer@frametitlebox=\box41
\beamer@zoombox=\box42
\beamer@zoomcount=\count133
\beamer@zoomframecount=\count134
\beamer@frametextheight=\dimen165
\c@subsectionslide=\count135
\beamer@frametopskip=\skip45
\beamer@framebottomskip=\skip46
\beamer@frametopskipautobreak=\skip47
\beamer@framebottomskipautobreak=\skip48
\beamer@envbody=\toks24
\framewidth=\dimen166
\c@framenumber=\count136
)
(/usr/share/texmf/tex/latex/beamer/base/beamerbaseverbatim.sty
Package: beamerbaseverbatim 2012/08/30  (rcs-revision dfdb135076b3)
\beamer@verbatimfileout=\write4
)
(/usr/share/texmf/tex/latex/beamer/base/beamerbaseframesize.sty
Package: beamerbaseframesize 2011/09/12  (rcs-revision 70f9d8411e54)
\beamer@splitbox=\box43
\beamer@autobreakcount=\count137
\beamer@autobreaklastheight=\dimen167
\beamer@frametitletoks=\toks25
\beamer@framesubtitletoks=\toks26
)
(/usr/share/texmf/tex/latex/beamer/base/beamerbaseframecomponents.sty
Package: beamerbaseframecomponents 2012/09/13  (rcs-revision dcd846607320)
\beamer@footins=\box44
)
(/usr/share/texmf/tex/latex/beamer/base/beamerbasecolor.sty
Package: beamerbasecolor 2010/06/06  (rcs-revision d1a9b48be06d)
)
(/usr/share/texmf/tex/latex/beamer/base/beamerbasenotes.sty
Package: beamerbasenotes 2010/05/01  (rcs-revision efa082c6111d)
\beamer@frameboxcopy=\box45
)
(/usr/share/texmf/tex/latex/beamer/base/beamerbasetoc.sty
Package: beamerbasetoc 2012/10/02  (rcs-revision 5ed0f4010e8a)
)
(/usr/share/texmf/tex/latex/beamer/base/beamerbasetemplates.sty
Package: beamerbasetemplates 2010/05/01  (rcs-revision efa082c6111d)
\beamer@sbttoks=\toks27

(/usr/share/texmf/tex/latex/beamer/base/beamerbaseauxtemplates.sty
Package: beamerbaseauxtemplates 2012/05/01  (rcs-revision 67c48b3b652d)

(/usr/share/texmf/tex/latex/beamer/base/beamerbaseboxes.sty
Package: beamerbaseboxes 2012/05/13  (rcs-revision 56972908a390)
\bmb@box=\box46
\bmb@colorbox=\box47
\bmb@boxshadow=\box48
\bmb@boxshadowball=\box49
\bmb@boxshadowballlarge=\box50
\bmb@temp=\dimen168
\bmb@dima=\dimen169
\bmb@dimb=\dimen170
\bmb@prevheight=\dimen171
)
\beamer@blockheadheight=\dimen172
))
(/usr/share/texmf/tex/latex/beamer/base/beamerbaselocalstructure.sty
Package: beamerbaselocalstructure 2012/11/13  (rcs-revision ddfba79dac19)

(/usr/share/texlive/texmf-dist/tex/latex/tools/enumerate.sty
Package: enumerate 1999/03/05 v3.00 enumerate extensions (DPC)
\@enLab=\toks28
)
\c@figure=\count138
\c@table=\count139
\abovecaptionskip=\skip49
\belowcaptionskip=\skip50
)
(/usr/share/texmf/tex/latex/beamer/base/beamerbasenavigation.sty
Package: beamerbasenavigation 2012/04/03  (rcs-revision 42a0f21a412d)
\beamer@section@min@dim=\dimen173
)
(/usr/share/texmf/tex/latex/beamer/base/beamerbasetheorems.sty
Package: beamerbasetheorems 2010/06/06  (rcs-revision 7e7cc5e53e9d)

(/usr/share/texlive/texmf-dist/tex/latex/amsmath/amsmath.sty
Package: amsmath 2013/01/14 v2.14 AMS math features
\@mathmargin=\skip51

For additional information on amsmath, use the `?' option.
(/usr/share/texlive/texmf-dist/tex/latex/amsmath/amstext.sty
Package: amstext 2000/06/29 v2.01

(/usr/share/texlive/texmf-dist/tex/latex/amsmath/amsgen.sty
File: amsgen.sty 1999/11/30 v2.0
\@emptytoks=\toks29
\ex@=\dimen174
))
(/usr/share/texlive/texmf-dist/tex/latex/amsmath/amsbsy.sty
Package: amsbsy 1999/11/29 v1.2d
\pmbraise@=\dimen175
)
(/usr/share/texlive/texmf-dist/tex/latex/amsmath/amsopn.sty
Package: amsopn 1999/12/14 v2.01 operator names
)
\inf@bad=\count140
LaTeX Info: Redefining \frac on input line 210.
\uproot@=\count141
\leftroot@=\count142
LaTeX Info: Redefining \overline on input line 306.
\classnum@=\count143
\DOTSCASE@=\count144
LaTeX Info: Redefining \ldots on input line 378.
LaTeX Info: Redefining \dots on input line 381.
LaTeX Info: Redefining \cdots on input line 466.
\Mathstrutbox@=\box51
\strutbox@=\box52
\big@size=\dimen176
LaTeX Font Info:    Redeclaring font encoding OML on input line 566.
LaTeX Font Info:    Redeclaring font encoding OMS on input line 567.
\macc@depth=\count145
\c@MaxMatrixCols=\count146
\dotsspace@=\muskip11
\c@parentequation=\count147
\dspbrk@lvl=\count148
\tag@help=\toks30
\row@=\count149
\column@=\count150
\maxfields@=\count151
\andhelp@=\toks31
\eqnshift@=\dimen177
\alignsep@=\dimen178
\tagshift@=\dimen179
\tagwidth@=\dimen180
\totwidth@=\dimen181
\lineht@=\dimen182
\@envbody=\toks32
\multlinegap=\skip52
\multlinetaggap=\skip53
\mathdisplay@stack=\toks33
LaTeX Info: Redefining \[ on input line 2665.
LaTeX Info: Redefining \] on input line 2666.
)
(/usr/share/texlive/texmf-dist/tex/latex/amscls/amsthm.sty
Package: amsthm 2004/08/06 v2.20
\thm@style=\toks34
\thm@bodyfont=\toks35
\thm@headfont=\toks36
\thm@notefont=\toks37
\thm@headpunct=\toks38
\thm@preskip=\skip54
\thm@postskip=\skip55
\thm@headsep=\skip56
\dth@everypar=\toks39
)
\c@theorem=\count152
)
(/usr/share/texmf/tex/latex/beamer/base/beamerbasethemes.sty
Package: beamerbasethemes 2010/05/01  (rcs-revision efa082c6111d)
))
(/usr/share/texmf/tex/latex/beamer/base/themes/theme/beamerthemedefault.sty
Package: beamerthemedefault 2010/06/17  (rcs-revision d02a7cf4d8ae)

(/usr/share/texmf/tex/latex/beamer/base/themes/font/beamerfontthemedefault.sty
Package: beamerfontthemedefault 2010/06/17  (rcs-revision d02a7cf4d8ae)
)
(/usr/share/texmf/tex/latex/beamer/base/themes/color/beamercolorthemedefault.st
y
Package: beamercolorthemedefault 2010/06/17  (rcs-revision d02a7cf4d8ae)
)
(/usr/share/texmf/tex/latex/beamer/base/themes/inner/beamerinnerthemedefault.st
y
Package: beamerinnerthemedefault 2012/05/01  (rcs-revision 67c48b3b652d)
\beamer@dima=\dimen183
\beamer@dimb=\dimen184
)
(/usr/share/texmf/tex/latex/beamer/base/themes/outer/beamerouterthemedefault.st
y
Package: beamerouterthemedefault 2012/10/02  (rcs-revision 5ed0f4010e8a)
))) (./setup.sty (/usr/share/texlive/texmf-dist/tex/latex/psnfss/palatino.sty
Package: palatino 2005/04/12 PSNFSS-v9.2a (SPQR) 
)) (/usr/share/texlive/texmf-dist/tex/latex/subfigure/subfigure.sty
Package: subfigure 2002/03/15 v2.1.5 subfigure package
\subfigtopskip=\skip57
\subfigcapskip=\skip58
\subfigcaptopadj=\dimen185
\subfigbottomskip=\skip59
\subfigcapmargin=\dimen186
\subfiglabelskip=\skip60
\c@subfigure=\count153
\c@lofdepth=\count154
\c@subtable=\count155
\c@lotdepth=\count156

****************************************
* Local config file subfigure.cfg used *
****************************************
(/usr/share/texlive/texmf-dist/tex/latex/subfigure/subfigure.cfg)
\subfig@top=\skip61
\subfig@bottom=\skip62
)
(/usr/share/texlive/texmf-dist/tex/latex/natbib/bibentry.sty
Package: bibentry 2007/10/30 1.5 (PWD)
)
(/usr/share/texlive/texmf-dist/tex/latex/algorithm2e/algorithm2e.sty
Package: algorithm2e 2013/01/06 v5.00 algorithms environments
\c@AlgoLine=\count157

(/usr/share/texlive/texmf-dist/tex/latex/base/ifthen.sty
Package: ifthen 2001/05/26 v1.1c Standard LaTeX ifthen package (DPC)
)
(/usr/share/texlive/texmf-dist/tex/latex/tools/xspace.sty
Package: xspace 2009/10/20 v1.13 Space after command names (DPC,MH)
)
(/usr/share/texlive/texmf-dist/tex/latex/relsize/relsize.sty
Package: relsize 2013/03/29 ver 4.1
)
********************************************************
Package `algorithm2e' Release 5.0 -- january 06 2013 --
- algorithm2e-announce@lirmm.fr mailing list for announcement about releases
- algorithm2e-discussion@lirmm.fr mailing list for discussion about package
subscribe by emailing sympa@lirmm.fr with 'subscribe <list> <firstname name>'
- Author: Christophe Fiorio (cfiorio@um2.fr)
********************************************************
\skiptotal=\skip63
\skiplinenumber=\skip64
\skiprule=\skip65
\skiphlne=\skip66
\skiptext=\skip67
\skiplength=\skip68
\algomargin=\skip69
\skipalgocfslide=\skip70
\algowidth=\dimen187
\inoutsize=\dimen188
\inoutindent=\dimen189
\interspacetitleruled=\dimen190
\interspacealgoruled=\dimen191
\interspacetitleboxruled=\dimen192
\algocf@inoutbox=\box53
\algocf@inputbox=\box54
\AlCapSkip=\skip71
\AlCapHSkip=\skip72
\algoskipindent=\skip73
\algocf@nlbox=\box55
\algocf@hangingbox=\box56
\algocf@untilbox=\box57
\algocf@skipuntil=\skip74
\algocf@capbox=\box58
\algoheightruledefault=\skip75
\algoheightrule=\skip76
\algotitleheightruledefault=\skip77
\algotitleheightrule=\skip78
\c@algocfline=\count158
\c@algocfproc=\count159
\c@algocf=\count160
\algocf@algoframe=\box59
\algocf@algobox=\box60
) (/usr/share/texlive/texmf-dist/tex/latex/caption/caption.sty
Package: caption 2013/05/02 v3.3-89 Customizing captions (AR)

(/usr/share/texlive/texmf-dist/tex/latex/caption/caption3.sty
Package: caption3 2013/05/02 v1.6-88 caption3 kernel (AR)
Package caption3 Info: TeX engine: e-TeX on input line 57.
\captionmargin=\dimen193
\captionmargin@=\dimen194
\captionwidth=\dimen195
\caption@tempdima=\dimen196
\caption@indent=\dimen197
\caption@parindent=\dimen198
\caption@hangindent=\dimen199
)
\c@ContinuedFloat=\count161
Package caption Info: beamer document class.
Package caption Info: hyperref package is loaded.
Package caption Info: Hyperref support is turned off
(caption)             because hyperref has stopped early.
Package caption Info: subfigure package is loaded.
)
(/usr/share/texlive/texmf-dist/tex/latex/caption/subcaption.sty
Package: subcaption 2013/02/03 v1.1-62 Sub-captions (AR)


! Package subcaption Error: This package can't be used in cooperation
(subcaption)                with the subfigure package.

See the subcaption package documentation for explanation.
Type  H <return>  for immediate help.
 ...                                              
                                                  
l.48   \endinput}{}
                   %
RTFM

) (/usr/share/texmf/tex/latex/pgf/frontendlayer/tikz.sty
(/usr/share/texmf/tex/latex/pgf/basiclayer/pgf.sty
Package: pgf 2008/01/15 v2.10 (rcs-revision 1.12)

(/usr/share/texmf/tex/generic/pgf/modules/pgfmoduleshapes.code.tex
File: pgfmoduleshapes.code.tex 2010/09/09  (rcs-revision 1.13)
\pgfnodeparttextbox=\box61
)
(/usr/share/texmf/tex/generic/pgf/modules/pgfmoduleplot.code.tex
File: pgfmoduleplot.code.tex 2010/10/22  (rcs-revision 1.8)
)
(/usr/share/texmf/tex/latex/pgf/compatibility/pgfcomp-version-0-65.sty
Package: pgfcomp-version-0-65 2007/07/03 v2.10 (rcs-revision 1.7)
\pgf@nodesepstart=\dimen200
\pgf@nodesepend=\dimen201
)
(/usr/share/texmf/tex/latex/pgf/compatibility/pgfcomp-version-1-18.sty
Package: pgfcomp-version-1-18 2007/07/23 v2.10 (rcs-revision 1.1)
))
(/usr/share/texmf/tex/latex/pgf/utilities/pgffor.sty
(/usr/share/texmf/tex/latex/pgf/utilities/pgfkeys.sty
(/usr/share/texmf/tex/generic/pgf/utilities/pgfkeys.code.tex))
(/usr/share/texmf/tex/generic/pgf/utilities/pgffor.code.tex
Package: pgffor 2010/03/23 v2.10 (rcs-revision 1.18)
\pgffor@iter=\dimen202
\pgffor@skip=\dimen203
\pgffor@stack=\toks40
\pgffor@toks=\toks41
))
(/usr/share/texmf/tex/generic/pgf/frontendlayer/tikz/tikz.code.tex
Package: tikz 2010/10/13 v2.10 (rcs-revision 1.76)

(/usr/share/texmf/tex/generic/pgf/libraries/pgflibraryplothandlers.code.tex
File: pgflibraryplothandlers.code.tex 2010/05/31 v2.10 (rcs-revision 1.15)
\pgf@plot@mark@count=\count162
\pgfplotmarksize=\dimen204
)
\tikz@lastx=\dimen205
\tikz@lasty=\dimen206
\tikz@lastxsaved=\dimen207
\tikz@lastysaved=\dimen208
\tikzleveldistance=\dimen209
\tikzsiblingdistance=\dimen210
\tikz@figbox=\box62
\tikz@tempbox=\box63
\tikztreelevel=\count163
\tikznumberofchildren=\count164
\tikznumberofcurrentchild=\count165
\tikz@fig@count=\count166

(/usr/share/texmf/tex/generic/pgf/modules/pgfmodulematrix.code.tex
File: pgfmodulematrix.code.tex 2010/08/24  (rcs-revision 1.4)
\pgfmatrixcurrentrow=\count167
\pgfmatrixcurrentcolumn=\count168
\pgf@matrix@numberofcolumns=\count169
)
\tikz@expandcount=\count170

(/usr/share/texmf/tex/generic/pgf/frontendlayer/tikz/libraries/tikzlibrarytopat
hs.code.tex
File: tikzlibrarytopaths.code.tex 2008/06/17 v2.10 (rcs-revision 1.2)
)))
(/usr/share/texmf/tex/generic/pgf/frontendlayer/tikz/libraries/tikzlibraryinter
sections.code.tex
(/usr/share/texmf/tex/generic/pgf/libraries/pgflibraryintersections.code.tex
\pgf@intersect@solutions=\count171
))
(/usr/share/texmf/tex/generic/pgf/frontendlayer/tikz/libraries/tikzlibraryshape
s.arrows.code.tex
File: tikzlibraryshapes.arrows.code.tex 2008/01/09 v2.10 (rcs-revision 1.1)

(/usr/share/texmf/tex/generic/pgf/libraries/shapes/pgflibraryshapes.arrows.code
.tex
File: pgflibraryshapes.arrows.code.tex 2008/06/26 v2.10 (rcs-revision 1.1)
))
(/usr/share/texmf/tex/generic/pgf/frontendlayer/tikz/libraries/tikzlibraryarrow
s.code.tex
File: tikzlibraryarrows.code.tex 2008/01/09 v2.10 (rcs-revision 1.1)

(/usr/share/texmf/tex/generic/pgf/libraries/pgflibraryarrows.code.tex
File: pgflibraryarrows.code.tex 2008/10/27 v2.10 (rcs-revision 1.9)
\arrowsize=\dimen211
))
(/usr/share/texmf/tex/generic/pgf/frontendlayer/tikz/libraries/tikzlibrarypatte
rns.code.tex
File: tikzlibrarypatterns.code.tex 2008/01/15 v2.10 (rcs-revision 1.2)

(/usr/share/texmf/tex/generic/pgf/libraries/pgflibrarypatterns.code.tex
File: pgflibrarypatterns.code.tex 2008/03/03 v2.10 (rcs-revision 1.13)
))
\bibdata{refs}
No file gradPresentation.bbl.
(./gradPresentation.aux

LaTeX Warning: Label `decoderBlock' multiply defined.

)
\openout1 = `gradPresentation.aux'.

LaTeX Font Info:    Checking defaults for OML/cmm/m/it on input line 35.
LaTeX Font Info:    ... okay on input line 35.
LaTeX Font Info:    Checking defaults for T1/cmr/m/n on input line 35.
LaTeX Font Info:    ... okay on input line 35.
LaTeX Font Info:    Checking defaults for OT1/cmr/m/n on input line 35.
LaTeX Font Info:    ... okay on input line 35.
LaTeX Font Info:    Checking defaults for OMS/cmsy/m/n on input line 35.
LaTeX Font Info:    ... okay on input line 35.
LaTeX Font Info:    Checking defaults for OMX/cmex/m/n on input line 35.
LaTeX Font Info:    ... okay on input line 35.
LaTeX Font Info:    Checking defaults for U/cmr/m/n on input line 35.
LaTeX Font Info:    ... okay on input line 35.
LaTeX Font Info:    Checking defaults for PD1/pdf/m/n on input line 35.
LaTeX Font Info:    ... okay on input line 35.
LaTeX Font Info:    Try loading font information for OT1+phv on input line 35.
 (/usr/share/texlive/texmf-dist/tex/latex/psnfss/ot1phv.fd
File: ot1phv.fd 2001/06/04 scalable font definitions for OT1/phv.
)
*geometry* driver: auto-detecting
*geometry* detected driver: pdftex
*geometry* verbose mode - [ preamble ] result:
* driver: pdftex
* paper: custom
* layout: <same size as paper>
* layoutoffset:(h,v)=(0.0pt,0.0pt)
* modes: includehead includefoot 
* h-part:(L,W,R)=(28.45274pt, 307.28987pt, 28.45274pt)
* v-part:(T,H,B)=(0.0pt, 273.14662pt, 0.0pt)
* \paperwidth=364.19536pt
* \paperheight=273.14662pt
* \textwidth=307.28987pt
* \textheight=244.6939pt
* \oddsidemargin=-43.81725pt
* \evensidemargin=-43.81725pt
* \topmargin=-72.26999pt
* \headheight=14.22636pt
* \headsep=0.0pt
* \topskip=11.0pt
* \footskip=14.22636pt
* \marginparwidth=4.0pt
* \marginparsep=10.0pt
* \columnsep=10.0pt
* \skip\footins=10.0pt plus 4.0pt minus 2.0pt
* \hoffset=0.0pt
* \voffset=0.0pt
* \mag=1000
* \@twocolumnfalse
* \@twosidefalse
* \@mparswitchfalse
* \@reversemarginfalse
* (1in=72.27pt=25.4mm, 1cm=28.453pt)

(/usr/share/texlive/texmf-dist/tex/context/base/supp-pdf.mkii
[Loading MPS to PDF converter (version 2006.09.02).]
\scratchcounter=\count172
\scratchdimen=\dimen212
\scratchbox=\box64
\nofMPsegments=\count173
\nofMParguments=\count174
\everyMPshowfont=\toks42
\MPscratchCnt=\count175
\MPscratchDim=\dimen213
\MPnumerator=\count176
\makeMPintoPDFobject=\count177
\everyMPtoPDFconversion=\toks43
) (/usr/share/texlive/texmf-dist/tex/latex/oberdiek/epstopdf-base.sty
Package: epstopdf-base 2010/02/09 v2.5 Base part for package epstopdf

(/usr/share/texlive/texmf-dist/tex/latex/oberdiek/grfext.sty
Package: grfext 2010/08/19 v1.1 Manage graphics extensions (HO)
)
Package grfext Info: Graphics extension search list:
(grfext)             [.png,.pdf,.jpg,.mps,.jpeg,.jbig2,.jb2,.PNG,.PDF,.JPG,.JPE
G,.JBIG2,.JB2,.eps]
(grfext)             \AppendGraphicsExtensions on input line 452.

(/usr/share/texlive/texmf-dist/tex/latex/latexconfig/epstopdf-sys.cfg
File: epstopdf-sys.cfg 2010/07/13 v1.3 Configuration of (r)epstopdf for TeX Liv
e
))
ABD: EveryShipout initializing macros
\AtBeginShipoutBox=\box65
Package hyperref Info: Link coloring OFF on input line 35.

(/usr/share/texlive/texmf-dist/tex/latex/hyperref/nameref.sty
Package: nameref 2012/10/27 v2.43 Cross-referencing by name of section

(/usr/share/texlive/texmf-dist/tex/generic/oberdiek/gettitlestring.sty
Package: gettitlestring 2010/12/03 v1.4 Cleanup title references (HO)
)
\c@section@level=\count178
)
LaTeX Info: Redefining \ref on input line 35.
LaTeX Info: Redefining \pageref on input line 35.
LaTeX Info: Redefining \nameref on input line 35.

(./gradPresentation.out) (./gradPresentation.out)
\@outlinefile=\write5
\openout5 = `gradPresentation.out'.

LaTeX Font Info:    Overwriting symbol font `operators' in version `normal'
(Font)                  OT1/cmr/m/n --> OT1/cmss/m/n on input line 35.
LaTeX Font Info:    Overwriting symbol font `operators' in version `bold'
(Font)                  OT1/cmr/bx/n --> OT1/cmss/bx/n on input line 35.
\symnumbers=\mathgroup6
\sympureletters=\mathgroup7
LaTeX Font Info:    Overwriting math alphabet `\mathrm' in version `normal'
(Font)                  OT1/cmss/m/n --> OT1/ppl/m/n on input line 35.
LaTeX Font Info:    Redeclaring math alphabet \mathbf on input line 35.
LaTeX Font Info:    Overwriting math alphabet `\mathbf' in version `normal'
(Font)                  OT1/cmr/bx/n --> OT1/phv/bx/n on input line 35.
LaTeX Font Info:    Overwriting math alphabet `\mathbf' in version `bold'
(Font)                  OT1/cmr/bx/n --> OT1/phv/bx/n on input line 35.
LaTeX Font Info:    Redeclaring math alphabet \mathsf on input line 35.
LaTeX Font Info:    Overwriting math alphabet `\mathsf' in version `normal'
(Font)                  OT1/cmss/m/n --> OT1/phv/m/n on input line 35.
LaTeX Font Info:    Overwriting math alphabet `\mathsf' in version `bold'
(Font)                  OT1/cmss/bx/n --> OT1/phv/m/n on input line 35.
LaTeX Font Info:    Redeclaring math alphabet \mathit on input line 35.
LaTeX Font Info:    Overwriting math alphabet `\mathit' in version `normal'
(Font)                  OT1/cmr/m/it --> OT1/phv/m/it on input line 35.
LaTeX Font Info:    Overwriting math alphabet `\mathit' in version `bold'
(Font)                  OT1/cmr/bx/it --> OT1/phv/m/it on input line 35.
LaTeX Font Info:    Redeclaring math alphabet \mathtt on input line 35.
LaTeX Font Info:    Overwriting math alphabet `\mathtt' in version `normal'
(Font)                  OT1/cmtt/m/n --> OT1/pcr/m/n on input line 35.
LaTeX Font Info:    Overwriting math alphabet `\mathtt' in version `bold'
(Font)                  OT1/cmtt/m/n --> OT1/pcr/m/n on input line 35.
LaTeX Font Info:    Overwriting symbol font `numbers' in version `bold'
(Font)                  OT1/phv/m/n --> OT1/phv/bx/n on input line 35.
LaTeX Font Info:    Overwriting symbol font `pureletters' in version `bold'
(Font)                  OT1/phv/m/it --> OT1/phv/bx/it on input line 35.
LaTeX Font Info:    Overwriting math alphabet `\mathrm' in version `bold'
(Font)                  OT1/cmss/bx/n --> OT1/ppl/bx/n on input line 35.
LaTeX Font Info:    Overwriting math alphabet `\mathbf' in version `bold'
(Font)                  OT1/phv/bx/n --> OT1/phv/bx/n on input line 35.
LaTeX Font Info:    Overwriting math alphabet `\mathsf' in version `bold'
(Font)                  OT1/phv/m/n --> OT1/phv/bx/n on input line 35.
LaTeX Font Info:    Overwriting math alphabet `\mathit' in version `bold'
(Font)                  OT1/phv/m/it --> OT1/phv/bx/it on input line 35.
LaTeX Font Info:    Overwriting math alphabet `\mathtt' in version `bold'
(Font)                  OT1/pcr/m/n --> OT1/pcr/bx/n on input line 35.

(/usr/share/texmf/tex/latex/beamer/base/translator/dicts/translator-basic-dicti
onary/translator-basic-dictionary-English.dict
Dictionary: translator-basic-dictionary, Language: English 
)
(/usr/share/texmf/tex/latex/beamer/base/translator/dicts/translator-bibliograph
y-dictionary/translator-bibliography-dictionary-English.dict
Dictionary: translator-bibliography-dictionary, Language: English 
)
(/usr/share/texmf/tex/latex/beamer/base/translator/dicts/translator-environment
-dictionary/translator-environment-dictionary-English.dict
Dictionary: translator-environment-dictionary, Language: English 
)
(/usr/share/texmf/tex/latex/beamer/base/translator/dicts/translator-months-dict
ionary/translator-months-dictionary-English.dict
Dictionary: translator-months-dictionary, Language: English 
)
(/usr/share/texmf/tex/latex/beamer/base/translator/dicts/translator-numbers-dic
tionary/translator-numbers-dictionary-English.dict
Dictionary: translator-numbers-dictionary, Language: English 
)
(/usr/share/texmf/tex/latex/beamer/base/translator/dicts/translator-theorem-dic
tionary/translator-theorem-dictionary-English.dict
Dictionary: translator-theorem-dictionary, Language: English 
)
LaTeX Info: Redefining \includegraphics on input line 35.
Package caption Info: Begin \AtBeginDocument code.
Package caption Info: End \AtBeginDocument code.
 (./gradPresentation.nav)
<doc/ucLogo.pdf, id=13, 3179.88pt x 296.45447pt>
File: doc/ucLogo.pdf Graphic file (type pdf)
 <use doc/ucLogo.pdf>
Package pdftex.def Info: doc/ucLogo.pdf used on input line 44.
(pdftex.def)             Requested size: 364.19536pt x 33.94905pt.
 [1

{/var/lib/texmf/fonts/map/pdftex/updmap/pdftex.map} <./doc/ucLogo.pdf>]
LaTeX Font Info:    Try loading font information for U+msa on input line 61.

(/usr/share/texlive/texmf-dist/tex/latex/amsfonts/umsa.fd
File: umsa.fd 2013/01/14 v3.01 AMS symbols A
)
LaTeX Font Info:    Try loading font information for U+msb on input line 61.

(/usr/share/texlive/texmf-dist/tex/latex/amsfonts/umsb.fd
File: umsb.fd 2013/01/14 v3.01 AMS symbols B
)
LaTeX Font Info:    Font shape `OT1/phv/m/it' in size <8> not available
(Font)              Font shape `OT1/phv/m/sl' tried instead on input line 61.
LaTeX Font Info:    Font shape `OT1/phv/m/it' in size <6> not available
(Font)              Font shape `OT1/phv/m/sl' tried instead on input line 61.
LaTeX Font Info:    Font shape `OT1/phv/m/it' in size <5> not available
(Font)              Font shape `OT1/phv/m/sl' tried instead on input line 61.
File: doc/ucLogo.pdf Graphic file (type pdf)

<use doc/ucLogo.pdf>
Package pdftex.def Info: doc/ucLogo.pdf used on input line 61.
(pdftex.def)             Requested size: 364.19536pt x 33.94905pt.
 [2

]
File: doc/ucLogo.pdf Graphic file (type pdf)
 <use doc/ucLogo.pdf>
Package pdftex.def Info: doc/ucLogo.pdf used on input line 73.
(pdftex.def)             Requested size: 364.19536pt x 33.94905pt.
 [3

]
LaTeX Font Info:    Font shape `OT1/phv/m/it' in size <10.95> not available
(Font)              Font shape `OT1/phv/m/sl' tried instead on input line 79.
File: doc/ucLogo.pdf Graphic file (type pdf)
 <use doc/ucLogo.pdf>
Package pdftex.def Info: doc/ucLogo.pdf used on input line 79.
(pdftex.def)             Requested size: 364.19536pt x 33.94905pt.
 [4

]
<doc/hd-cost-graph.png, id=45, 1018.80624pt x 523.9575pt>
File: doc/hd-cost-graph.png Graphic file (type png)

<use doc/hd-cost-graph.png>
Package pdftex.def Info: doc/hd-cost-graph.png used on input line 91.
(pdftex.def)             Requested size: 305.64423pt x 157.18846pt.
File: doc/ucLogo.pdf Graphic file (type pdf)
 <use doc/ucLogo.pdf>
Package pdftex.def Info: doc/ucLogo.pdf used on input line 91.
(pdftex.def)             Requested size: 364.19536pt x 33.94905pt.
 [5

 <./doc/hd-cost-graph.png>]
LaTeX Font Info:    Font shape `OT1/phv/m/it' in size <14.4> not available
(Font)              Font shape `OT1/phv/m/sl' tried instead on input line 111.
File: doc/ucLogo.pdf Graphic file (type pdf)

<use doc/ucLogo.pdf>
Package pdftex.def Info: doc/ucLogo.pdf used on input line 111.
(pdftex.def)             Requested size: 364.19536pt x 33.94905pt.
 [6

]
File: doc/ucLogo.pdf Graphic file (type pdf)
 <use doc/ucLogo.pdf>
Package pdftex.def Info: doc/ucLogo.pdf used on input line 134.
(pdftex.def)             Requested size: 364.19536pt x 33.94905pt.
 [7

]
LaTeX Font Info:    Font shape `OT1/phv/bx/n' in size <10.95> not available
(Font)              Font shape `OT1/phv/b/n' tried instead on input line 143.
File: doc/ucLogo.pdf Graphic file (type pdf)
 <use doc/ucLogo.pdf>
Package pdftex.def Info: doc/ucLogo.pdf used on input line 143.
(pdftex.def)             Requested size: 364.19536pt x 33.94905pt.
 [8

]
<doc/speedupQuery.pdf, id=69, 587.19376pt x 442.65375pt>
File: doc/speedupQuery.pdf Graphic file (type pdf)

<use doc/speedupQuery.pdf>
Package pdftex.def Info: doc/speedupQuery.pdf used on input line 153.
(pdftex.def)             Requested size: 246.61969pt x 185.9133pt.
File: doc/ucLogo.pdf Graphic file (type pdf)
 <use doc/ucLogo.pdf>
Package pdftex.def Info: doc/ucLogo.pdf used on input line 153.
(pdftex.def)             Requested size: 364.19536pt x 33.94905pt.
 [9

 <./doc/speedupQuery.pdf>]
File: doc/ucLogo.pdf Graphic file (type pdf)

<use doc/ucLogo.pdf>
Package pdftex.def Info: doc/ucLogo.pdf used on input line 171.
(pdftex.def)             Requested size: 364.19536pt x 33.94905pt.
 [10

] <doc/CPU.png, id=122, 419.6478pt x 418.2024pt>
File: doc/CPU.png Graphic file (type png)

<use doc/CPU.png>
Package pdftex.def Info: doc/CPU.png used on input line 181.
(pdftex.def)             Requested size: 209.82338pt x 209.10068pt.

Overfull \vbox (1.0955pt too high) detected at line 181
 []

File: doc/ucLogo.pdf Graphic file (type pdf)
<use doc/ucLogo.pdf>
Package pdftex.def Info: doc/ucLogo.pdf used on input line 181.
(pdftex.def)             Requested size: 364.19536pt x 33.94905pt.
 [11

 <./doc/CPU.png>]
File: doc/ucLogo.pdf Graphic file (type pdf)
 <use doc/ucLogo.pdf>
Package pdftex.def Info: doc/ucLogo.pdf used on input line 198.
(pdftex.def)             Requested size: 364.19536pt x 33.94905pt.
 [12

]
File: doc/ucLogo.pdf Graphic file (type pdf)

<use doc/ucLogo.pdf>
Package pdftex.def Info: doc/ucLogo.pdf used on input line 205.
(pdftex.def)             Requested size: 364.19536pt x 33.94905pt.
 [13

]
File: doc/ucLogo.pdf Graphic file (type pdf)
 <use doc/ucLogo.pdf>
Package pdftex.def Info: doc/ucLogo.pdf used on input line 228.
(pdftex.def)             Requested size: 364.19536pt x 33.94905pt.
 [14

]
File: doc/ucLogo.pdf Graphic file (type pdf)
 <use doc/ucLogo.pdf>
Package pdftex.def Info: doc/ucLogo.pdf used on input line 241.
(pdftex.def)             Requested size: 364.19536pt x 33.94905pt.

[15

]
File: doc/ucLogo.pdf Graphic file (type pdf)
 <use doc/ucLogo.pdf>
Package pdftex.def Info: doc/ucLogo.pdf used on input line 254.
(pdftex.def)             Requested size: 364.19536pt x 33.94905pt.
 [16

]
File: doc/ucLogo.pdf Graphic file (type pdf)
 <use doc/ucLogo.pdf>
Package pdftex.def Info: doc/ucLogo.pdf used on input line 272.
(pdftex.def)             Requested size: 364.19536pt x 33.94905pt.
 [17

]
File: doc/ucLogo.pdf Graphic file (type pdf)
 <use doc/ucLogo.pdf>
Package pdftex.def Info: doc/ucLogo.pdf used on input line 286.
(pdftex.def)             Requested size: 364.19536pt x 33.94905pt.

[18

]

LaTeX Warning: Citation `Beyer' undefined on input line 306.


Package amsmath Warning: Foreign command \over;
(amsmath)                \frac or \genfrac should be used instead
(amsmath)                 on input line 306.


LaTeX Warning: Citation `Beyer' undefined on input line 306.

File: doc/ucLogo.pdf Graphic file (type pdf)
<use doc/ucLogo.pdf>
Package pdftex.def Info: doc/ucLogo.pdf used on input line 306.
(pdftex.def)             Requested size: 364.19536pt x 33.94905pt.
 [19

]
File: doc/ucLogo.pdf Graphic file (type pdf)
 <use doc/ucLogo.pdf>
Package pdftex.def Info: doc/ucLogo.pdf used on input line 323.
(pdftex.def)             Requested size: 364.19536pt x 33.94905pt.
 [20

]
<doc/randpro.pdf, id=182, 558.085pt x 420.57124pt>
File: doc/randpro.pdf Graphic file (type pdf)
 <use doc/randpro.pdf>
Package pdftex.def Info: doc/randpro.pdf used on input line 333.
(pdftex.def)             Requested size: 178.59085pt x 134.58554pt.
LaTeX Font Info:    Font shape `OT1/phv/m/it' in size <10> not available
(Font)              Font shape `OT1/phv/m/sl' tried instead on input line 333.
LaTeX Font Info:    Font shape `OT1/phv/m/it' in size <7> not available
(Font)              Font shape `OT1/phv/m/sl' tried instead on input line 333.
File: doc/ucLogo.pdf Graphic file (type pdf)

<use doc/ucLogo.pdf>
Package pdftex.def Info: doc/ucLogo.pdf used on input line 333.
(pdftex.def)             Requested size: 364.19536pt x 33.94905pt.
 [21

 <./doc/randpro.pdf>]
<doc/Voronoi.png, id=197, 803.0pt x 602.25pt>
File: doc/Voronoi.png Graphic file (type png)
 <use doc/Voronoi.png>
Package pdftex.def Info: doc/Voronoi.png used on input line 343.
(pdftex.def)             Requested size: 200.74951pt x 150.56212pt.
File: doc/ucLogo.pdf Graphic file (type pdf)

<use doc/ucLogo.pdf>
Package pdftex.def Info: doc/ucLogo.pdf used on input line 343.
(pdftex.def)             Requested size: 364.19536pt x 33.94905pt.
 [22

 <./doc/Voronoi.png (PNG copy)>]
File: doc/ucLogo.pdf Graphic file (type pdf)
 <use doc/ucLogo.pdf>
Package pdftex.def Info: doc/ucLogo.pdf used on input line 354.
(pdftex.def)             Requested size: 364.19536pt x 33.94905pt.

[23

]
LaTeX Font Info:    Font shape `OT1/phv/m/it' in size <12> not available
(Font)              Font shape `OT1/phv/m/sl' tried instead on input line 368.


LaTeX Warning: Citation `Pless' undefined on input line 368.

File: doc/ucLogo.pdf Graphic file (type pdf)
<use doc/ucLogo.pdf>
Package pdftex.def Info: doc/ucLogo.pdf used on input line 368.
(pdftex.def)             Requested size: 364.19536pt x 33.94905pt.
 [24

] <doc/SqLat.pdf, id=213, 512.91624pt x 250.9375pt>
File: doc/SqLat.pdf Graphic file (type pdf)

<use doc/SqLat.pdf>
Package pdftex.def Info: doc/SqLat.pdf used on input line 375.
(pdftex.def)             Requested size: 205.16286pt x 100.37321pt.
File: doc/ucLogo.pdf Graphic file (type pdf)
 <use doc/ucLogo.pdf>
Package pdftex.def Info: doc/ucLogo.pdf used on input line 375.
(pdftex.def)             Requested size: 364.19536pt x 33.94905pt.
 [25

 <./doc/SqLat.pdf>]

LaTeX Warning: Citation `Tarokh2' undefined on input line 386.

File: doc/ucLogo.pdf Graphic file (type pdf)
<use doc/ucLogo.pdf>
Package pdftex.def Info: doc/ucLogo.pdf used on input line 386.
(pdftex.def)             Requested size: 364.19536pt x 33.94905pt.
 [26

]

LaTeX Warning: Citation `Blich' undefined on input line 395.

LaTeX Font Info:    Font shape `OT1/phv/bx/n' in size <14.4> not available
(Font)              Font shape `OT1/phv/b/n' tried instead on input line 395.
File: doc/ucLogo.pdf Graphic file (type pdf)
<use doc/ucLogo.pdf>
Package pdftex.def Info: doc/ucLogo.pdf used on input line 395.
(pdftex.def)             Requested size: 364.19536pt x 33.94905pt.
 [27

]
File: doc/ucLogo.pdf Graphic file (type pdf)
 <use doc/ucLogo.pdf>
Package pdftex.def Info: doc/ucLogo.pdf used on input line 406.
(pdftex.def)             Requested size: 364.19536pt x 33.94905pt.
 [28

]
File: doc/ucLogo.pdf Graphic file (type pdf)
 <use doc/ucLogo.pdf>
Package pdftex.def Info: doc/ucLogo.pdf used on input line 426.
(pdftex.def)             Requested size: 364.19536pt x 33.94905pt.

[29

]
File: doc/ucLogo.pdf Graphic file (type pdf)
 <use doc/ucLogo.pdf>
Package pdftex.def Info: doc/ucLogo.pdf used on input line 441.
(pdftex.def)             Requested size: 364.19536pt x 33.94905pt.
 [30

]
File: doc/ucLogo.pdf Graphic file (type pdf)
 <use doc/ucLogo.pdf>
Package pdftex.def Info: doc/ucLogo.pdf used on input line 448.
(pdftex.def)             Requested size: 364.19536pt x 33.94905pt.
 [31

]
File: doc/ucLogo.pdf Graphic file (type pdf)
 <use doc/ucLogo.pdf>
Package pdftex.def Info: doc/ucLogo.pdf used on input line 461.
(pdftex.def)             Requested size: 364.19536pt x 33.94905pt.

[32

] <doc/allCodesE8bwlines.pdf, id=259, 1144.275pt x 665.48625pt>
File: doc/allCodesE8bwlines.pdf Graphic file (type pdf)

<use doc/allCodesE8bwlines.pdf>
Package pdftex.def Info: doc/allCodesE8bwlines.pdf used on input line 467.
(pdftex.def)             Requested size: 286.06804pt x 166.37115pt.
File: doc/ucLogo.pdf Graphic file (type pdf)
 <use doc/ucLogo.pdf>
Package pdftex.def Info: doc/ucLogo.pdf used on input line 467.
(pdftex.def)             Requested size: 364.19536pt x 33.94905pt.
 [33

 <./doc/allCodesE8bwlines.pdf>]

LaTeX Warning: Citation `Amrani' undefined on input line 480.


LaTeX Warning: Citation `Tarokh1' undefined on input line 480.

File: doc/ucLogo.pdf Graphic file (type pdf)
<use doc/ucLogo.pdf>
Package pdftex.def Info: doc/ucLogo.pdf used on input line 480.
(pdftex.def)             Requested size: 364.19536pt x 33.94905pt.
 [34

]
<doc/DecoderBlockDiagram.pdf, id=328, 1054.94125pt x 737.75626pt>
File: doc/DecoderBlockDiagram.pdf Graphic file (type pdf)

<use doc/DecoderBlockDiagram.pdf>
Package pdftex.def Info: doc/DecoderBlockDiagram.pdf used on input line 487.
(pdftex.def)             Requested size: 242.63138pt x 169.68036pt.
File: doc/ucLogo.pdf Graphic file (type pdf)
 <use doc/ucLogo.pdf>
Package pdftex.def Info: doc/ucLogo.pdf used on input line 487.
(pdftex.def)             Requested size: 364.19536pt x 33.94905pt.
 [35

 <./doc/DecoderBlockDiagram.pdf>] <doc1/Scargill-Mountain.jpg, id=340, 1027.84p
t x 707.64375pt>
File: doc1/Scargill-Mountain.jpg Graphic file (type jpg)

<use doc1/Scargill-Mountain.jpg>
Package pdftex.def Info: doc1/Scargill-Mountain.jpg used on input line 501.
(pdftex.def)             Requested size: 154.16934pt x 106.14198pt.
pdfTeX warning (ext4): destination with the same identifier (name{decoderBlock}
) has been already used, duplicate ignored
<to be read again> 
                   \relax 
l.501 \end{frame}
                 
File: doc/ucLogo.pdf Graphic file (type pdf)
 <use doc/ucLogo.pdf>
Package pdftex.def Info: doc/ucLogo.pdf used on input line 501.
(pdftex.def)             Requested size: 364.19536pt x 33.94905pt.
 [36

 <./doc1/Scargill-Mountain.jpg>]
<doc/mapreduce.png, id=346, 591.20876pt x 431.6125pt>
File: doc/mapreduce.png Graphic file (type png)
 <use doc/mapreduce.png>
Package pdftex.def Info: doc/mapreduce.png used on input line 509.
(pdftex.def)             Requested size: 254.2148pt x 185.58975pt.
File: doc/ucLogo.pdf Graphic file (type pdf)

<use doc/ucLogo.pdf>
Package pdftex.def Info: doc/ucLogo.pdf used on input line 509.
(pdftex.def)             Requested size: 364.19536pt x 33.94905pt.
 [37

 <./doc/mapreduce.png>]
<doc1/hadoop.jpg, id=355, 444.15938pt x 329.73187pt>
File: doc1/hadoop.jpg Graphic file (type jpg)
 <use doc1/hadoop.jpg>
Package pdftex.def Info: doc1/hadoop.jpg used on input line 526.
(pdftex.def)             Requested size: 88.83029pt x 65.94519pt.
File: doc/ucLogo.pdf Graphic file (type pdf)

<use doc/ucLogo.pdf>
Package pdftex.def Info: doc/ucLogo.pdf used on input line 526.
(pdftex.def)             Requested size: 364.19536pt x 33.94905pt.
 [38

 <./doc1/hadoop.jpg>]
<doc1/map_reduce.jpg, id=361, 301.125pt x 225.84375pt>
File: doc1/map_reduce.jpg Graphic file (type jpg)

<use doc1/map_reduce.jpg>
Package pdftex.def Info: doc1/map_reduce.jpg used on input line 533.
(pdftex.def)             Requested size: 240.90031pt x 180.67523pt.
File: doc/ucLogo.pdf Graphic file (type pdf)
 <use doc/ucLogo.pdf>
Package pdftex.def Info: doc/ucLogo.pdf used on input line 533.
(pdftex.def)             Requested size: 364.19536pt x 33.94905pt.
 [39

 <./doc1/map_reduce.jpg>]
<doc1/ec2.png, id=367, 316.18124pt x 246.1697pt>
File: doc1/ec2.png Graphic file (type png)
 <use doc1/ec2.png>
Package pdftex.def Info: doc1/ec2.png used on input line 549.
(pdftex.def)             Requested size: 94.8551pt x 73.85147pt.
File: doc/ucLogo.pdf Graphic file (type pdf)

<use doc/ucLogo.pdf>
Package pdftex.def Info: doc/ucLogo.pdf used on input line 549.
(pdftex.def)             Requested size: 364.19536pt x 33.94905pt.
 [40

 <./doc1/ec2.png>]
<doc1/mahout.png, id=374, 479.7925pt x 200.75pt>
File: doc1/mahout.png Graphic file (type png)
 <use doc1/mahout.png>
Package pdftex.def Info: doc1/mahout.png used on input line 565.
(pdftex.def)             Requested size: 95.95679pt x 40.14928pt.
File: doc/ucLogo.pdf Graphic file (type pdf)

<use doc/ucLogo.pdf>
Package pdftex.def Info: doc/ucLogo.pdf used on input line 565.
(pdftex.def)             Requested size: 364.19536pt x 33.94905pt.
 [41

 <./doc1/mahout.png>]
<doc/projplane.pdf, id=380, 303.1325pt x 346.29375pt>
File: doc/projplane.pdf Graphic file (type pdf)
 <use doc/projplane.pdf>
Package pdftex.def Info: doc/projplane.pdf used on input line 572.
(pdftex.def)             Requested size: 151.56587pt x 173.14644pt.
File: doc/ucLogo.pdf Graphic file (type pdf)

<use doc/ucLogo.pdf>
Package pdftex.def Info: doc/ucLogo.pdf used on input line 572.
(pdftex.def)             Requested size: 364.19536pt x 33.94905pt.
 [42

 <./doc/projplane.pdf>]
File: doc/ucLogo.pdf Graphic file (type pdf)
 <use doc/ucLogo.pdf>
Package pdftex.def Info: doc/ucLogo.pdf used on input line 587.
(pdftex.def)             Requested size: 364.19536pt x 33.94905pt.
 [43

]
File: doc/ucLogo.pdf Graphic file (type pdf)

<use doc/ucLogo.pdf>
Package pdftex.def Info: doc/ucLogo.pdf used on input line 599.
(pdftex.def)             Requested size: 364.19536pt x 33.94905pt.
 [44

]
File: doc/ucLogo.pdf Graphic file (type pdf)
 <use doc/ucLogo.pdf>
Package pdftex.def Info: doc/ucLogo.pdf used on input line 608.
(pdftex.def)             Requested size: 364.19536pt x 33.94905pt.
 [45

]
<doc/randproj.pdf, id=405, 269.005pt x 200.75pt>
File: doc/randproj.pdf Graphic file (type pdf)
 <use doc/randproj.pdf>
Package pdftex.def Info: doc/randproj.pdf used on input line 620.
(pdftex.def)             Requested size: 161.40424pt x 120.45091pt.
File: doc/ucLogo.pdf Graphic file (type pdf)

<use doc/ucLogo.pdf>
Package pdftex.def Info: doc/ucLogo.pdf used on input line 620.
(pdftex.def)             Requested size: 364.19536pt x 33.94905pt.
 [46

 <./doc/randproj.pdf>]
File: doc/ucLogo.pdf Graphic file (type pdf)
 <use doc/ucLogo.pdf>
Package pdftex.def Info: doc/ucLogo.pdf used on input line 634.
(pdftex.def)             Requested size: 364.19536pt x 33.94905pt.
 [47

]
File: doc/ucLogo.pdf Graphic file (type pdf)

<use doc/ucLogo.pdf>
Package pdftex.def Info: doc/ucLogo.pdf used on input line 650.
(pdftex.def)             Requested size: 364.19536pt x 33.94905pt.
 [48

]
File: doc/ucLogo.pdf Graphic file (type pdf)
 <use doc/ucLogo.pdf>
Package pdftex.def Info: doc/ucLogo.pdf used on input line 654.
(pdftex.def)             Requested size: 364.19536pt x 33.94905pt.
 [49

]
<doc/TimevaryPart.pdf, id=432, 1156.32pt x 653.14014pt>
File: doc/TimevaryPart.pdf Graphic file (type pdf)

<use doc/TimevaryPart.pdf>
Package pdftex.def Info: doc/TimevaryPart.pdf used on input line 663.
(pdftex.def)             Requested size: 173.4405pt x 97.96678pt.

<doc/TimevaryDim.pdf, id=433, 1156.32pt x 653.14014pt>
File: doc/TimevaryDim.pdf Graphic file (type pdf)

<use doc/TimevaryDim.pdf>
Package pdftex.def Info: doc/TimevaryDim.pdf used on input line 663.
(pdftex.def)             Requested size: 173.4405pt x 97.96678pt.
File: doc/ucLogo.pdf Graphic file (type pdf)
 <use doc/ucLogo.pdf>
Package pdftex.def Info: doc/ucLogo.pdf used on input line 663.
(pdftex.def)             Requested size: 364.19536pt x 33.94905pt.
 [50

 <./doc/TimevaryPart.pdf> <./doc/TimevaryDim.pdf

pdfTeX warning: /usr/bin/pdflatex (file ./doc/TimevaryDim.pdf): PDF inclusion: 
multiple pdfs with page group included in a single page
>] <doc/PRvaryClusters.pdf, id=612, 1156.32pt x 653.14014pt>
File: doc/PRvaryClusters.pdf Graphic file (type pdf)

<use doc/PRvaryClusters.pdf>
Package pdftex.def Info: doc/PRvaryClusters.pdf used on input line 673.
(pdftex.def)             Requested size: 173.4405pt x 97.96678pt.

<doc/PRvaryDim.pdf, id=613, 1156.32pt x 653.14014pt>
File: doc/PRvaryDim.pdf Graphic file (type pdf)
 <use doc/PRvaryDim.pdf>
Package pdftex.def Info: doc/PRvaryDim.pdf used on input line 673.
(pdftex.def)             Requested size: 173.4405pt x 97.96678pt.
File: doc/ucLogo.pdf Graphic file (type pdf)

<use doc/ucLogo.pdf>
Package pdftex.def Info: doc/ucLogo.pdf used on input line 673.
(pdftex.def)             Requested size: 364.19536pt x 33.94905pt.
 [51

 <./doc/PRvaryClusters.pdf> <./doc/PRvaryDim.pdf

pdfTeX warning: /usr/bin/pdflatex (file ./doc/PRvaryDim.pdf): PDF inclusion: mu
ltiple pdfs with page group included in a single page
>]
File: doc/ucLogo.pdf Graphic file (type pdf)
 <use doc/ucLogo.pdf>
Package pdftex.def Info: doc/ucLogo.pdf used on input line 682.
(pdftex.def)             Requested size: 364.19536pt x 33.94905pt.
 [52

]
<doc1/wordcount.png, id=801, 1011.78pt x 469.755pt>
File: doc1/wordcount.png Graphic file (type png)
 <use doc1/wordcount.png>
Package pdftex.def Info: doc1/wordcount.png used on input line 688.
(pdftex.def)             Requested size: 303.53633pt x 140.92758pt.
File: doc/ucLogo.pdf Graphic file (type pdf)

<use doc/ucLogo.pdf>
Package pdftex.def Info: doc/ucLogo.pdf used on input line 688.
(pdftex.def)             Requested size: 364.19536pt x 33.94905pt.
 [53

 <./doc1/wordcount.png>]
<doc1/wcscale.png, id=807, 513.92pt x 311.1625pt>
File: doc1/wcscale.png Graphic file (type png)
 <use doc1/wcscale.png>
Package pdftex.def Info: doc1/wcscale.png used on input line 695.
(pdftex.def)             Requested size: 308.35437pt x 186.69894pt.

Overfull \hbox (1.0645pt too wide) in paragraph at lines 695--695
 [] 
 []

File: doc/ucLogo.pdf Graphic file (type pdf)
<use doc/ucLogo.pdf>
Package pdftex.def Info: doc/ucLogo.pdf used on input line 695.
(pdftex.def)             Requested size: 364.19536pt x 33.94905pt.
 [54

 <./doc1/wcscale.png>]
File: doc/ucLogo.pdf Graphic file (type pdf)
 <use doc/ucLogo.pdf>
Package pdftex.def Info: doc/ucLogo.pdf used on input line 708.
(pdftex.def)             Requested size: 364.19536pt x 33.94905pt.
 [55

]

! LaTeX Error: There's no line here to end.

See the LaTeX manual or LaTeX Companion for explanation.
Type  H <return>  for immediate help.
 ...                                              
                                                  
l.729 \end{frame}
                 
Your command was ignored.
Type  I <command> <return>  to replace it with another command,
or  <return>  to continue without it.

File: doc/ucLogo.pdf Graphic file (type pdf)
<use doc/ucLogo.pdf>
Package pdftex.def Info: doc/ucLogo.pdf used on input line 729.
(pdftex.def)             Requested size: 364.19536pt x 33.94905pt.
 [56

]

! LaTeX Error: There's no line here to end.

See the LaTeX manual or LaTeX Companion for explanation.
Type  H <return>  for immediate help.
 ...                                              
                                                  
l.757 \end{frame}
                 
Your command was ignored.
Type  I <command> <return>  to replace it with another command,
or  <return>  to continue without it.

File: doc/ucLogo.pdf Graphic file (type pdf)
<use doc/ucLogo.pdf>
Package pdftex.def Info: doc/ucLogo.pdf used on input line 757.
(pdftex.def)             Requested size: 364.19536pt x 33.94905pt.
 [57

] <doc1/genomics.pdf, id=830, 794.97pt x 897.3525pt>
File: doc1/genomics.pdf Graphic file (type pdf)

<use doc1/genomics.pdf>
Package pdftex.def Info: doc1/genomics.pdf used on input line 766.
(pdftex.def)             Requested size: 158.99118pt x 179.46732pt.
File: doc/ucLogo.pdf Graphic file (type pdf)
 <use doc/ucLogo.pdf>
Package pdftex.def Info: doc/ucLogo.pdf used on input line 766.
(pdftex.def)             Requested size: 364.19536pt x 33.94905pt.
 [58

 <./doc1/genomics.pdf>]
<doc1/privacypres.jpg, id=842, 245.91875pt x 369.38pt>
File: doc1/privacypres.jpg Graphic file (type jpg)

<use doc1/privacypres.jpg>
Package pdftex.def Info: doc1/privacypres.jpg used on input line 778.
(pdftex.def)             Requested size: 61.47952pt x 92.34477pt.
File: doc/ucLogo.pdf Graphic file (type pdf)
 <use doc/ucLogo.pdf>
Package pdftex.def Info: doc/ucLogo.pdf used on input line 778.
(pdftex.def)             Requested size: 364.19536pt x 33.94905pt.
 [59

 <./doc1/privacypres.jpg>]
File: doc/ucLogo.pdf Graphic file (type pdf)

<use doc/ucLogo.pdf>
Package pdftex.def Info: doc/ucLogo.pdf used on input line 790.
(pdftex.def)             Requested size: 364.19536pt x 33.94905pt.
 [60

]
File: doc/ucLogo.pdf Graphic file (type pdf)
 <use doc/ucLogo.pdf>
Package pdftex.def Info: doc/ucLogo.pdf used on input line 794.
(pdftex.def)             Requested size: 364.19536pt x 33.94905pt.
 [61

]
\tf@nav=\write6
\openout6 = `gradPresentation.nav'.

\tf@toc=\write7
\openout7 = `gradPresentation.toc'.

\tf@snm=\write8
\openout8 = `gradPresentation.snm'.

Package atveryend Info: Empty hook `BeforeClearDocument' on input line 797.
Package atveryend Info: Empty hook `AfterLastShipout' on input line 797.
 (./gradPresentation.aux)
Package atveryend Info: Executing hook `AtVeryEndDocument' on input line 797.
Package atveryend Info: Executing hook `AtEndAfterFileList' on input line 797.
Package rerunfilecheck Info: File `gradPresentation.out' has not changed.
(rerunfilecheck)             Checksum: D41D8CD98F00B204E9800998ECF8427E;0.


LaTeX Warning: There were undefined references.


LaTeX Warning: There were multiply-defined labels.

Package atveryend Info: Empty hook `AtVeryVeryEnd' on input line 797.
 ) 
Here is how much of TeX's memory you used:
 21490 strings out of 495031
 402232 string characters out of 6181532
 505902 words of memory out of 5000000
 24054 multiletter control sequences out of 15000+600000
 44766 words of font info for 92 fonts, out of 8000000 for 9000
 14 hyphenation exceptions out of 8191
 49i,21n,53p,401b,613s stack positions out of 5000i,500n,10000p,200000b,80000s
{/usr/share/texlive/texmf-dist/fonts/enc/dvips/base/8r.enc}</usr/share/texliv
e/texmf-dist/fonts/type1/public/amsfonts/cm/cmex10.pfb></usr/share/texlive/texm
f-dist/fonts/type1/public/amsfonts/cm/cmmi10.pfb></usr/share/texlive/texmf-dist
/fonts/type1/public/amsfonts/cm/cmmi7.pfb></usr/share/texlive/texmf-dist/fonts/
type1/public/amsfonts/cm/cmmi8.pfb></usr/share/texlive/texmf-dist/fonts/type1/p
ublic/amsfonts/cm/cmss10.pfb></usr/share/texlive/texmf-dist/fonts/type1/public/
amsfonts/cm/cmss8.pfb></usr/share/texlive/texmf-dist/fonts/type1/public/amsfont
s/cm/cmsy10.pfb></usr/share/texlive/texmf-dist/fonts/type1/public/amsfonts/cm/c
msy7.pfb></usr/share/texlive/texmf-dist/fonts/type1/public/amsfonts/cm/cmsy8.pf
b></usr/share/texlive/texmf-dist/fonts/type1/public/amsfonts/symbols/msam10.pfb
></usr/share/texlive/texmf-dist/fonts/type1/public/amsfonts/symbols/msam7.pfb><
/usr/share/texlive/texmf-dist/fonts/type1/public/amsfonts/symbols/msbm10.pfb></
usr/share/texlive/texmf-dist/fonts/type1/urw/helvetic/uhvb8a.pfb></usr/share/te
xlive/texmf-dist/fonts/type1/urw/helvetic/uhvr8a.pfb></usr/share/texlive/texmf-
dist/fonts/type1/urw/helvetic/uhvro8a.pfb>
Output written on gradPresentation.pdf (61 pages, 1153587 bytes).
PDF statistics:
 938 PDF objects out of 1000 (max. 8388607)
 400 compressed objects within 4 object streams
 125 named destinations out of 1000 (max. 500000)
 172 words of extra memory for PDF output out of 10000 (max. 10000000)

